[INFO] [2016-01-24 13:51:23][org.springframework.test.context.support.DefaultTestContextBootstrapper]Loaded default TestExecutionListener class names from location [META-INF/spring.factories]: [org.springframework.test.context.web.ServletTestExecutionListener, org.springframework.test.context.support.DirtiesContextBeforeModesTestExecutionListener, org.springframework.test.context.support.DependencyInjectionTestExecutionListener, org.springframework.test.context.support.DirtiesContextTestExecutionListener, org.springframework.test.context.transaction.TransactionalTestExecutionListener, org.springframework.test.context.jdbc.SqlScriptsTestExecutionListener]
  [INFO] [2016-01-24 13:51:23][org.springframework.test.context.support.DefaultTestContextBootstrapper]Using TestExecutionListeners: [org.springframework.test.context.web.ServletTestExecutionListener@5e681e45, org.springframework.test.context.support.DirtiesContextBeforeModesTestExecutionListener@59b746f, org.springframework.test.context.support.DependencyInjectionTestExecutionListener@20f92649, org.springframework.test.context.support.DirtiesContextTestExecutionListener@45409388, org.springframework.test.context.transaction.TransactionalTestExecutionListener@1295e93d, org.springframework.test.context.jdbc.SqlScriptsTestExecutionListener@3003ad53]
  [INFO] [2016-01-24 13:51:23][org.springframework.beans.factory.xml.XmlBeanDefinitionReader]Loading XML bean definitions from class path resource [spring-mybatis.xml]
  [ERROR] [2016-01-24 13:51:23][org.springframework.test.context.TestContextManager]Caught exception while allowing TestExecutionListener [org.springframework.test.context.support.DependencyInjectionTestExecutionListener@20f92649] to prepare test instance [spring.test@5e3f7ba3]
  java.lang.IllegalStateException: Failed to load ApplicationContext
	at org.springframework.test.context.cache.DefaultCacheAwareContextLoaderDelegate.loadContext(DefaultCacheAwareContextLoaderDelegate.java:124)
	at org.springframework.test.context.support.DefaultTestContext.getApplicationContext(DefaultTestContext.java:83)
	at org.springframework.test.context.support.DependencyInjectionTestExecutionListener.injectDependencies(DependencyInjectionTestExecutionListener.java:117)
	at org.springframework.test.context.support.DependencyInjectionTestExecutionListener.prepareTestInstance(DependencyInjectionTestExecutionListener.java:83)
	at org.springframework.test.context.TestContextManager.prepareTestInstance(TestContextManager.java:228)
	at org.springframework.test.context.junit4.SpringJUnit4ClassRunner.createTest(SpringJUnit4ClassRunner.java:230)
	at org.springframework.test.context.junit4.SpringJUnit4ClassRunner$1.runReflectiveCall(SpringJUnit4ClassRunner.java:289)
	at org.junit.internal.runners.model.ReflectiveCallable.run(ReflectiveCallable.java:12)
	at org.springframework.test.context.junit4.SpringJUnit4ClassRunner.methodBlock(SpringJUnit4ClassRunner.java:291)
	at org.springframework.test.context.junit4.SpringJUnit4ClassRunner.runChild(SpringJUnit4ClassRunner.java:249)
	at org.springframework.test.context.junit4.SpringJUnit4ClassRunner.runChild(SpringJUnit4ClassRunner.java:89)
	at org.junit.runners.ParentRunner$3.run(ParentRunner.java:238)
	at org.junit.runners.ParentRunner$1.schedule(ParentRunner.java:63)
	at org.junit.runners.ParentRunner.runChildren(ParentRunner.java:236)
	at org.junit.runners.ParentRunner.access$000(ParentRunner.java:53)
	at org.junit.runners.ParentRunner$2.evaluate(ParentRunner.java:229)
	at org.springframework.test.context.junit4.statements.RunBeforeTestClassCallbacks.evaluate(RunBeforeTestClassCallbacks.java:61)
	at org.springframework.test.context.junit4.statements.RunAfterTestClassCallbacks.evaluate(RunAfterTestClassCallbacks.java:70)
	at org.junit.runners.ParentRunner.run(ParentRunner.java:309)
	at org.springframework.test.context.junit4.SpringJUnit4ClassRunner.run(SpringJUnit4ClassRunner.java:193)
	at org.eclipse.jdt.internal.junit4.runner.JUnit4TestReference.run(JUnit4TestReference.java:50)
	at org.eclipse.jdt.internal.junit.runner.TestExecution.run(TestExecution.java:38)
	at org.eclipse.jdt.internal.junit.runner.RemoteTestRunner.runTests(RemoteTestRunner.java:459)
	at org.eclipse.jdt.internal.junit.runner.RemoteTestRunner.runTests(RemoteTestRunner.java:675)
	at org.eclipse.jdt.internal.junit.runner.RemoteTestRunner.run(RemoteTestRunner.java:382)
	at org.eclipse.jdt.internal.junit.runner.RemoteTestRunner.main(RemoteTestRunner.java:192)
Caused by: org.springframework.beans.factory.BeanDefinitionStoreException: IOException parsing XML document from class path resource [spring-mybatis.xml]; nested exception is java.io.FileNotFoundException: class path resource [spring-mybatis.xml] cannot be opened because it does not exist
	at org.springframework.beans.factory.xml.XmlBeanDefinitionReader.loadBeanDefinitions(XmlBeanDefinitionReader.java:344)
	at org.springframework.beans.factory.xml.XmlBeanDefinitionReader.loadBeanDefinitions(XmlBeanDefinitionReader.java:304)
	at org.springframework.beans.factory.support.AbstractBeanDefinitionReader.loadBeanDefinitions(AbstractBeanDefinitionReader.java:181)
	at org.springframework.beans.factory.support.AbstractBeanDefinitionReader.loadBeanDefinitions(AbstractBeanDefinitionReader.java:217)
	at org.springframework.beans.factory.support.AbstractBeanDefinitionReader.loadBeanDefinitions(AbstractBeanDefinitionReader.java:188)
	at org.springframework.beans.factory.support.AbstractBeanDefinitionReader.loadBeanDefinitions(AbstractBeanDefinitionReader.java:252)
	at org.springframework.test.context.support.AbstractGenericContextLoader.loadBeanDefinitions(AbstractGenericContextLoader.java:253)
	at org.springframework.test.context.support.AbstractGenericContextLoader.loadContext(AbstractGenericContextLoader.java:122)
	at org.springframework.test.context.support.AbstractGenericContextLoader.loadContext(AbstractGenericContextLoader.java:60)
	at org.springframework.test.context.support.AbstractDelegatingSmartContextLoader.delegateLoading(AbstractDelegatingSmartContextLoader.java:109)
	at org.springframework.test.context.support.AbstractDelegatingSmartContextLoader.loadContext(AbstractDelegatingSmartContextLoader.java:261)
	at org.springframework.test.context.cache.DefaultCacheAwareContextLoaderDelegate.loadContextInternal(DefaultCacheAwareContextLoaderDelegate.java:98)
	at org.springframework.test.context.cache.DefaultCacheAwareContextLoaderDelegate.loadContext(DefaultCacheAwareContextLoaderDelegate.java:116)
	... 25 more
Caused by: java.io.FileNotFoundException: class path resource [spring-mybatis.xml] cannot be opened because it does not exist
	at org.springframework.core.io.ClassPathResource.getInputStream(ClassPathResource.java:172)
	at org.springframework.beans.factory.xml.XmlBeanDefinitionReader.loadBeanDefinitions(XmlBeanDefinitionReader.java:330)
	... 37 more
[INFO] [2016-01-24 13:53:01][org.springframework.test.context.support.DefaultTestContextBootstrapper]Loaded default TestExecutionListener class names from location [META-INF/spring.factories]: [org.springframework.test.context.web.ServletTestExecutionListener, org.springframework.test.context.support.DirtiesContextBeforeModesTestExecutionListener, org.springframework.test.context.support.DependencyInjectionTestExecutionListener, org.springframework.test.context.support.DirtiesContextTestExecutionListener, org.springframework.test.context.transaction.TransactionalTestExecutionListener, org.springframework.test.context.jdbc.SqlScriptsTestExecutionListener]
  [INFO] [2016-01-24 13:53:01][org.springframework.test.context.support.DefaultTestContextBootstrapper]Using TestExecutionListeners: [org.springframework.test.context.web.ServletTestExecutionListener@59b746f, org.springframework.test.context.support.DirtiesContextBeforeModesTestExecutionListener@20f92649, org.springframework.test.context.support.DependencyInjectionTestExecutionListener@45409388, org.springframework.test.context.support.DirtiesContextTestExecutionListener@1295e93d, org.springframework.test.context.transaction.TransactionalTestExecutionListener@3003ad53, org.springframework.test.context.jdbc.SqlScriptsTestExecutionListener@41683cc5]
  [INFO] [2016-01-24 13:53:01][org.springframework.beans.factory.xml.XmlBeanDefinitionReader]Loading XML bean definitions from class path resource [spring-maybatis.xml]
  [INFO] [2016-01-24 13:53:02][org.springframework.context.support.GenericApplicationContext]Refreshing org.springframework.context.support.GenericApplicationContext@6981170d: startup date [Sun Jan 24 13:53:02 CST 2016]; root of context hierarchy
  [INFO] [2016-01-24 13:53:02][org.springframework.beans.factory.config.PropertyPlaceholderConfigurer]Loading properties file from class path resource [jdbc.properties]
  [INFO] [2016-01-24 13:53:02][org.springframework.beans.factory.annotation.AutowiredAnnotationBeanPostProcessor]JSR-330 'javax.inject.Inject' annotation found and supported for autowiring
  [INFO] [2016-01-24 13:53:02][org.springframework.context.support.GenericApplicationContext]Closing org.springframework.context.support.GenericApplicationContext@6981170d: startup date [Sun Jan 24 13:53:02 CST 2016]; root of context hierarchy
  [INFO] [2016-01-24 13:53:54][org.springframework.test.context.support.DefaultTestContextBootstrapper]Loaded default TestExecutionListener class names from location [META-INF/spring.factories]: [org.springframework.test.context.web.ServletTestExecutionListener, org.springframework.test.context.support.DirtiesContextBeforeModesTestExecutionListener, org.springframework.test.context.support.DependencyInjectionTestExecutionListener, org.springframework.test.context.support.DirtiesContextTestExecutionListener, org.springframework.test.context.transaction.TransactionalTestExecutionListener, org.springframework.test.context.jdbc.SqlScriptsTestExecutionListener]
  [INFO] [2016-01-24 13:53:54][org.springframework.test.context.support.DefaultTestContextBootstrapper]Using TestExecutionListeners: [org.springframework.test.context.web.ServletTestExecutionListener@59b746f, org.springframework.test.context.support.DirtiesContextBeforeModesTestExecutionListener@20f92649, org.springframework.test.context.support.DependencyInjectionTestExecutionListener@45409388, org.springframework.test.context.support.DirtiesContextTestExecutionListener@1295e93d, org.springframework.test.context.transaction.TransactionalTestExecutionListener@3003ad53, org.springframework.test.context.jdbc.SqlScriptsTestExecutionListener@41683cc5]
  [INFO] [2016-01-24 13:53:54][org.springframework.beans.factory.xml.XmlBeanDefinitionReader]Loading XML bean definitions from class path resource [spring-maybatis.xml]
  [INFO] [2016-01-24 13:53:54][org.springframework.context.support.GenericApplicationContext]Refreshing org.springframework.context.support.GenericApplicationContext@6981170d: startup date [Sun Jan 24 13:53:54 CST 2016]; root of context hierarchy
  [INFO] [2016-01-24 13:53:55][org.springframework.beans.factory.config.PropertyPlaceholderConfigurer]Loading properties file from class path resource [jdbc.properties]
  [INFO] [2016-01-24 13:53:55][org.springframework.beans.factory.annotation.AutowiredAnnotationBeanPostProcessor]JSR-330 'javax.inject.Inject' annotation found and supported for autowiring
  [INFO] [2016-01-24 13:53:55][org.springframework.context.support.GenericApplicationContext]Closing org.springframework.context.support.GenericApplicationContext@6981170d: startup date [Sun Jan 24 13:53:54 CST 2016]; root of context hierarchy
  [INFO] [2016-01-24 13:57:10][org.springframework.test.context.support.DefaultTestContextBootstrapper]Loaded default TestExecutionListener class names from location [META-INF/spring.factories]: [org.springframework.test.context.web.ServletTestExecutionListener, org.springframework.test.context.support.DirtiesContextBeforeModesTestExecutionListener, org.springframework.test.context.support.DependencyInjectionTestExecutionListener, org.springframework.test.context.support.DirtiesContextTestExecutionListener, org.springframework.test.context.transaction.TransactionalTestExecutionListener, org.springframework.test.context.jdbc.SqlScriptsTestExecutionListener]
  [INFO] [2016-01-24 13:57:10][org.springframework.test.context.support.DefaultTestContextBootstrapper]Using TestExecutionListeners: [org.springframework.test.context.web.ServletTestExecutionListener@38a30a0b, org.springframework.test.context.support.DirtiesContextBeforeModesTestExecutionListener@57e87539, org.springframework.test.context.support.DependencyInjectionTestExecutionListener@5e681e45, org.springframework.test.context.support.DirtiesContextTestExecutionListener@59b746f, org.springframework.test.context.transaction.TransactionalTestExecutionListener@20f92649, org.springframework.test.context.jdbc.SqlScriptsTestExecutionListener@45409388]
  [INFO] [2016-01-24 13:57:11][org.springframework.beans.factory.xml.XmlBeanDefinitionReader]Loading XML bean definitions from class path resource [spring-maybatis.xml]
  [INFO] [2016-01-24 13:57:11][org.springframework.context.support.GenericApplicationContext]Refreshing org.springframework.context.support.GenericApplicationContext@69818eaf: startup date [Sun Jan 24 13:57:11 CST 2016]; root of context hierarchy
  [INFO] [2016-01-24 13:57:11][org.springframework.beans.factory.config.PropertyPlaceholderConfigurer]Loading properties file from class path resource [jdbc.properties]
  [INFO] [2016-01-24 13:57:11][org.springframework.beans.factory.annotation.AutowiredAnnotationBeanPostProcessor]JSR-330 'javax.inject.Inject' annotation found and supported for autowiring
  [INFO] [2016-01-24 13:57:11][org.springframework.context.support.GenericApplicationContext]Closing org.springframework.context.support.GenericApplicationContext@69818eaf: startup date [Sun Jan 24 13:57:11 CST 2016]; root of context hierarchy
  [INFO] [2016-01-24 14:16:24][org.springframework.test.context.support.DefaultTestContextBootstrapper]Loaded default TestExecutionListener class names from location [META-INF/spring.factories]: [org.springframework.test.context.web.ServletTestExecutionListener, org.springframework.test.context.support.DirtiesContextBeforeModesTestExecutionListener, org.springframework.test.context.support.DependencyInjectionTestExecutionListener, org.springframework.test.context.support.DirtiesContextTestExecutionListener, org.springframework.test.context.transaction.TransactionalTestExecutionListener, org.springframework.test.context.jdbc.SqlScriptsTestExecutionListener]
  [INFO] [2016-01-24 14:16:24][org.springframework.test.context.support.DefaultTestContextBootstrapper]Using TestExecutionListeners: [org.springframework.test.context.web.ServletTestExecutionListener@7c605a28, org.springframework.test.context.support.DirtiesContextBeforeModesTestExecutionListener@19bf37e3, org.springframework.test.context.support.DependencyInjectionTestExecutionListener@58ee2549, org.springframework.test.context.support.DirtiesContextTestExecutionListener@7ad2093b, org.springframework.test.context.transaction.TransactionalTestExecutionListener@735c3f7b, org.springframework.test.context.jdbc.SqlScriptsTestExecutionListener@2d4bdf68]
  [INFO] [2016-01-24 14:16:24][org.springframework.beans.factory.xml.XmlBeanDefinitionReader]Loading XML bean definitions from class path resource [spring-maybatis.xml]
  [INFO] [2016-01-24 14:16:24][org.springframework.context.support.GenericApplicationContext]Refreshing org.springframework.context.support.GenericApplicationContext@6897cd75: startup date [Sun Jan 24 14:16:24 CST 2016]; root of context hierarchy
  [INFO] [2016-01-24 14:16:24][org.springframework.beans.factory.config.PropertyPlaceholderConfigurer]Loading properties file from class path resource [jdbc.properties]
  [INFO] [2016-01-24 14:16:24][org.springframework.beans.factory.annotation.AutowiredAnnotationBeanPostProcessor]JSR-330 'javax.inject.Inject' annotation found and supported for autowiring
  [INFO] [2016-01-24 14:16:25][org.springframework.context.support.GenericApplicationContext]Closing org.springframework.context.support.GenericApplicationContext@6897cd75: startup date [Sun Jan 24 14:16:24 CST 2016]; root of context hierarchy
  [INFO] [2016-01-24 14:17:44][org.springframework.test.context.support.DefaultTestContextBootstrapper]Loaded default TestExecutionListener class names from location [META-INF/spring.factories]: [org.springframework.test.context.web.ServletTestExecutionListener, org.springframework.test.context.support.DirtiesContextBeforeModesTestExecutionListener, org.springframework.test.context.support.DependencyInjectionTestExecutionListener, org.springframework.test.context.support.DirtiesContextTestExecutionListener, org.springframework.test.context.transaction.TransactionalTestExecutionListener, org.springframework.test.context.jdbc.SqlScriptsTestExecutionListener]
  [INFO] [2016-01-24 14:17:44][org.springframework.test.context.support.DefaultTestContextBootstrapper]Using TestExecutionListeners: [org.springframework.test.context.web.ServletTestExecutionListener@59b746f, org.springframework.test.context.support.DirtiesContextBeforeModesTestExecutionListener@20f92649, org.springframework.test.context.support.DependencyInjectionTestExecutionListener@45409388, org.springframework.test.context.support.DirtiesContextTestExecutionListener@1295e93d, org.springframework.test.context.transaction.TransactionalTestExecutionListener@3003ad53, org.springframework.test.context.jdbc.SqlScriptsTestExecutionListener@41683cc5]
  [INFO] [2016-01-24 14:17:44][org.springframework.beans.factory.xml.XmlBeanDefinitionReader]Loading XML bean definitions from class path resource [spring-maybatis.xml]
  [INFO] [2016-01-24 14:17:45][org.springframework.context.support.GenericApplicationContext]Refreshing org.springframework.context.support.GenericApplicationContext@6981170d: startup date [Sun Jan 24 14:17:45 CST 2016]; root of context hierarchy
  [INFO] [2016-01-24 14:17:45][org.springframework.beans.factory.config.PropertyPlaceholderConfigurer]Loading properties file from class path resource [jdbc.properties]
  [INFO] [2016-01-24 14:17:45][org.springframework.beans.factory.annotation.AutowiredAnnotationBeanPostProcessor]JSR-330 'javax.inject.Inject' annotation found and supported for autowiring
  [INFO] [2016-01-24 14:17:45][org.springframework.context.support.GenericApplicationContext]Closing org.springframework.context.support.GenericApplicationContext@6981170d: startup date [Sun Jan 24 14:17:45 CST 2016]; root of context hierarchy
  [INFO] [2016-01-24 14:22:41][org.springframework.test.context.support.DefaultTestContextBootstrapper]Loaded default TestExecutionListener class names from location [META-INF/spring.factories]: [org.springframework.test.context.web.ServletTestExecutionListener, org.springframework.test.context.support.DirtiesContextBeforeModesTestExecutionListener, org.springframework.test.context.support.DependencyInjectionTestExecutionListener, org.springframework.test.context.support.DirtiesContextTestExecutionListener, org.springframework.test.context.transaction.TransactionalTestExecutionListener, org.springframework.test.context.jdbc.SqlScriptsTestExecutionListener]
  [INFO] [2016-01-24 14:22:41][org.springframework.test.context.support.DefaultTestContextBootstrapper]Using TestExecutionListeners: [org.springframework.test.context.web.ServletTestExecutionListener@77795061, org.springframework.test.context.support.DirtiesContextBeforeModesTestExecutionListener@3d8c4d8e, org.springframework.test.context.support.DependencyInjectionTestExecutionListener@4637c533, org.springframework.test.context.support.DirtiesContextTestExecutionListener@7773bb48, org.springframework.test.context.transaction.TransactionalTestExecutionListener@4f0cb13c, org.springframework.test.context.jdbc.SqlScriptsTestExecutionListener@4a4802af]
  [INFO] [2016-01-24 14:22:41][org.springframework.beans.factory.xml.XmlBeanDefinitionReader]Loading XML bean definitions from class path resource [spring-maybatis.xml]
  [INFO] [2016-01-24 14:22:41][org.springframework.context.support.GenericApplicationContext]Refreshing org.springframework.context.support.GenericApplicationContext@37cc745e: startup date [Sun Jan 24 14:22:41 CST 2016]; root of context hierarchy
  [INFO] [2016-01-24 14:22:41][org.springframework.beans.factory.config.PropertyPlaceholderConfigurer]Loading properties file from class path resource [jdbc.properties]
  [INFO] [2016-01-24 14:22:41][org.springframework.beans.factory.annotation.AutowiredAnnotationBeanPostProcessor]JSR-330 'javax.inject.Inject' annotation found and supported for autowiring
  [INFO] [2016-01-24 14:22:42][org.springframework.context.support.GenericApplicationContext]Closing org.springframework.context.support.GenericApplicationContext@37cc745e: startup date [Sun Jan 24 14:22:41 CST 2016]; root of context hierarchy
  [INFO] [2016-01-24 14:23:27][org.springframework.test.context.support.DefaultTestContextBootstrapper]Loaded default TestExecutionListener class names from location [META-INF/spring.factories]: [org.springframework.test.context.web.ServletTestExecutionListener, org.springframework.test.context.support.DirtiesContextBeforeModesTestExecutionListener, org.springframework.test.context.support.DependencyInjectionTestExecutionListener, org.springframework.test.context.support.DirtiesContextTestExecutionListener, org.springframework.test.context.transaction.TransactionalTestExecutionListener, org.springframework.test.context.jdbc.SqlScriptsTestExecutionListener]
  [INFO] [2016-01-24 14:23:27][org.springframework.test.context.support.DefaultTestContextBootstrapper]Using TestExecutionListeners: [org.springframework.test.context.web.ServletTestExecutionListener@77795061, org.springframework.test.context.support.DirtiesContextBeforeModesTestExecutionListener@3d8c4d8e, org.springframework.test.context.support.DependencyInjectionTestExecutionListener@4637c533, org.springframework.test.context.support.DirtiesContextTestExecutionListener@7773bb48, org.springframework.test.context.transaction.TransactionalTestExecutionListener@4f0cb13c, org.springframework.test.context.jdbc.SqlScriptsTestExecutionListener@4a4802af]
  [INFO] [2016-01-24 14:23:28][org.springframework.beans.factory.xml.XmlBeanDefinitionReader]Loading XML bean definitions from class path resource [spring-maybatis.xml]
  [INFO] [2016-01-24 14:23:28][org.springframework.context.support.GenericApplicationContext]Refreshing org.springframework.context.support.GenericApplicationContext@37cc745e: startup date [Sun Jan 24 14:23:28 CST 2016]; root of context hierarchy
  [INFO] [2016-01-24 14:23:28][org.springframework.beans.factory.config.PropertyPlaceholderConfigurer]Loading properties file from class path resource [jdbc.properties]
  [INFO] [2016-01-24 14:23:28][org.springframework.beans.factory.annotation.AutowiredAnnotationBeanPostProcessor]JSR-330 'javax.inject.Inject' annotation found and supported for autowiring
  [INFO] [2016-01-24 14:23:28][org.springframework.context.support.GenericApplicationContext]Closing org.springframework.context.support.GenericApplicationContext@37cc745e: startup date [Sun Jan 24 14:23:28 CST 2016]; root of context hierarchy
  [INFO] [2016-01-24 14:30:26][org.springframework.test.context.support.DefaultTestContextBootstrapper]Loaded default TestExecutionListener class names from location [META-INF/spring.factories]: [org.springframework.test.context.web.ServletTestExecutionListener, org.springframework.test.context.support.DirtiesContextBeforeModesTestExecutionListener, org.springframework.test.context.support.DependencyInjectionTestExecutionListener, org.springframework.test.context.support.DirtiesContextTestExecutionListener, org.springframework.test.context.transaction.TransactionalTestExecutionListener, org.springframework.test.context.jdbc.SqlScriptsTestExecutionListener]
  [INFO] [2016-01-24 14:30:26][org.springframework.test.context.support.DefaultTestContextBootstrapper]Using TestExecutionListeners: [org.springframework.test.context.web.ServletTestExecutionListener@77795061, org.springframework.test.context.support.DirtiesContextBeforeModesTestExecutionListener@3d8c4d8e, org.springframework.test.context.support.DependencyInjectionTestExecutionListener@4637c533, org.springframework.test.context.support.DirtiesContextTestExecutionListener@7773bb48, org.springframework.test.context.transaction.TransactionalTestExecutionListener@4f0cb13c, org.springframework.test.context.jdbc.SqlScriptsTestExecutionListener@4a4802af]
  [INFO] [2016-01-24 14:30:26][org.springframework.beans.factory.xml.XmlBeanDefinitionReader]Loading XML bean definitions from class path resource [spring-maybatis.xml]
  [INFO] [2016-01-24 14:30:26][org.springframework.context.support.GenericApplicationContext]Refreshing org.springframework.context.support.GenericApplicationContext@37cc745e: startup date [Sun Jan 24 14:30:26 CST 2016]; root of context hierarchy
  [INFO] [2016-01-24 14:30:26][org.springframework.beans.factory.config.PropertyPlaceholderConfigurer]Loading properties file from class path resource [jdbc.properties]
  [INFO] [2016-01-24 14:30:26][org.springframework.beans.factory.annotation.AutowiredAnnotationBeanPostProcessor]JSR-330 'javax.inject.Inject' annotation found and supported for autowiring
  [INFO] [2016-01-24 14:30:26][org.springframework.context.support.GenericApplicationContext]Closing org.springframework.context.support.GenericApplicationContext@37cc745e: startup date [Sun Jan 24 14:30:26 CST 2016]; root of context hierarchy
  [INFO] [2016-01-24 14:38:17][org.springframework.test.context.support.DefaultTestContextBootstrapper]Loaded default TestExecutionListener class names from location [META-INF/spring.factories]: [org.springframework.test.context.web.ServletTestExecutionListener, org.springframework.test.context.support.DirtiesContextBeforeModesTestExecutionListener, org.springframework.test.context.support.DependencyInjectionTestExecutionListener, org.springframework.test.context.support.DirtiesContextTestExecutionListener, org.springframework.test.context.transaction.TransactionalTestExecutionListener, org.springframework.test.context.jdbc.SqlScriptsTestExecutionListener]
  [INFO] [2016-01-24 14:38:17][org.springframework.test.context.support.DefaultTestContextBootstrapper]Using TestExecutionListeners: [org.springframework.test.context.web.ServletTestExecutionListener@68c17f01, org.springframework.test.context.support.DirtiesContextBeforeModesTestExecutionListener@77795061, org.springframework.test.context.support.DependencyInjectionTestExecutionListener@3d8c4d8e, org.springframework.test.context.support.DirtiesContextTestExecutionListener@4637c533, org.springframework.test.context.transaction.TransactionalTestExecutionListener@7773bb48, org.springframework.test.context.jdbc.SqlScriptsTestExecutionListener@4f0cb13c]
  [INFO] [2016-01-24 14:38:17][org.springframework.beans.factory.xml.XmlBeanDefinitionReader]Loading XML bean definitions from class path resource [spring-maybatis.xml]
  [INFO] [2016-01-24 14:38:17][org.springframework.context.support.GenericApplicationContext]Refreshing org.springframework.context.support.GenericApplicationContext@5cb80eb0: startup date [Sun Jan 24 14:38:17 CST 2016]; root of context hierarchy
  [INFO] [2016-01-24 14:38:18][org.springframework.beans.factory.config.PropertyPlaceholderConfigurer]Loading properties file from class path resource [jdbc.properties]
  [INFO] [2016-01-24 14:38:18][org.springframework.beans.factory.annotation.AutowiredAnnotationBeanPostProcessor]JSR-330 'javax.inject.Inject' annotation found and supported for autowiring
  [INFO] [2016-01-24 14:38:18][org.springframework.context.support.GenericApplicationContext]Closing org.springframework.context.support.GenericApplicationContext@5cb80eb0: startup date [Sun Jan 24 14:38:17 CST 2016]; root of context hierarchy
  [INFO] [2016-01-24 14:41:02][org.springframework.test.context.support.DefaultTestContextBootstrapper]Loaded default TestExecutionListener class names from location [META-INF/spring.factories]: [org.springframework.test.context.web.ServletTestExecutionListener, org.springframework.test.context.support.DirtiesContextBeforeModesTestExecutionListener, org.springframework.test.context.support.DependencyInjectionTestExecutionListener, org.springframework.test.context.support.DirtiesContextTestExecutionListener, org.springframework.test.context.transaction.TransactionalTestExecutionListener, org.springframework.test.context.jdbc.SqlScriptsTestExecutionListener]
  [INFO] [2016-01-24 14:41:02][org.springframework.test.context.support.DefaultTestContextBootstrapper]Using TestExecutionListeners: [org.springframework.test.context.web.ServletTestExecutionListener@68c17f01, org.springframework.test.context.support.DirtiesContextBeforeModesTestExecutionListener@77795061, org.springframework.test.context.support.DependencyInjectionTestExecutionListener@3d8c4d8e, org.springframework.test.context.support.DirtiesContextTestExecutionListener@4637c533, org.springframework.test.context.transaction.TransactionalTestExecutionListener@7773bb48, org.springframework.test.context.jdbc.SqlScriptsTestExecutionListener@4f0cb13c]
  [INFO] [2016-01-24 14:41:02][org.springframework.beans.factory.xml.XmlBeanDefinitionReader]Loading XML bean definitions from class path resource [spring-maybatis.xml]
  [INFO] [2016-01-24 14:41:02][org.springframework.context.support.GenericApplicationContext]Refreshing org.springframework.context.support.GenericApplicationContext@37cc745e: startup date [Sun Jan 24 14:41:02 CST 2016]; root of context hierarchy
  [INFO] [2016-01-24 14:41:02][org.springframework.beans.factory.config.PropertyPlaceholderConfigurer]Loading properties file from class path resource [jdbc.properties]
  [INFO] [2016-01-24 14:41:02][org.springframework.beans.factory.annotation.AutowiredAnnotationBeanPostProcessor]JSR-330 'javax.inject.Inject' annotation found and supported for autowiring
  [INFO] [2016-01-24 14:41:03][org.springframework.context.support.GenericApplicationContext]Closing org.springframework.context.support.GenericApplicationContext@37cc745e: startup date [Sun Jan 24 14:41:02 CST 2016]; root of context hierarchy
  [INFO] [2016-01-24 14:44:00][org.springframework.test.context.support.DefaultTestContextBootstrapper]Loaded default TestExecutionListener class names from location [META-INF/spring.factories]: [org.springframework.test.context.web.ServletTestExecutionListener, org.springframework.test.context.support.DirtiesContextBeforeModesTestExecutionListener, org.springframework.test.context.support.DependencyInjectionTestExecutionListener, org.springframework.test.context.support.DirtiesContextTestExecutionListener, org.springframework.test.context.transaction.TransactionalTestExecutionListener, org.springframework.test.context.jdbc.SqlScriptsTestExecutionListener]
  [INFO] [2016-01-24 14:44:00][org.springframework.test.context.support.DefaultTestContextBootstrapper]Using TestExecutionListeners: [org.springframework.test.context.web.ServletTestExecutionListener@77795061, org.springframework.test.context.support.DirtiesContextBeforeModesTestExecutionListener@3d8c4d8e, org.springframework.test.context.support.DependencyInjectionTestExecutionListener@4637c533, org.springframework.test.context.support.DirtiesContextTestExecutionListener@7773bb48, org.springframework.test.context.transaction.TransactionalTestExecutionListener@4f0cb13c, org.springframework.test.context.jdbc.SqlScriptsTestExecutionListener@4a4802af]
  [INFO] [2016-01-24 14:44:00][org.springframework.beans.factory.xml.XmlBeanDefinitionReader]Loading XML bean definitions from class path resource [spring-maybatis.xml]
  [INFO] [2016-01-24 14:44:01][org.springframework.context.support.GenericApplicationContext]Refreshing org.springframework.context.support.GenericApplicationContext@37cc745e: startup date [Sun Jan 24 14:44:01 CST 2016]; root of context hierarchy
  [INFO] [2016-01-24 14:44:01][org.springframework.beans.factory.config.PropertyPlaceholderConfigurer]Loading properties file from class path resource [jdbc.properties]
  [INFO] [2016-01-24 14:44:01][org.springframework.beans.factory.annotation.AutowiredAnnotationBeanPostProcessor]JSR-330 'javax.inject.Inject' annotation found and supported for autowiring
  [INFO] [2016-01-24 14:44:01][org.springframework.context.support.GenericApplicationContext]Closing org.springframework.context.support.GenericApplicationContext@37cc745e: startup date [Sun Jan 24 14:44:01 CST 2016]; root of context hierarchy
  [INFO] [2016-01-24 14:50:43][org.springframework.test.context.support.DefaultTestContextBootstrapper]Loaded default TestExecutionListener class names from location [META-INF/spring.factories]: [org.springframework.test.context.web.ServletTestExecutionListener, org.springframework.test.context.support.DirtiesContextBeforeModesTestExecutionListener, org.springframework.test.context.support.DependencyInjectionTestExecutionListener, org.springframework.test.context.support.DirtiesContextTestExecutionListener, org.springframework.test.context.transaction.TransactionalTestExecutionListener, org.springframework.test.context.jdbc.SqlScriptsTestExecutionListener]
  [INFO] [2016-01-24 14:50:43][org.springframework.test.context.support.DefaultTestContextBootstrapper]Using TestExecutionListeners: [org.springframework.test.context.web.ServletTestExecutionListener@68c17f01, org.springframework.test.context.support.DirtiesContextBeforeModesTestExecutionListener@77795061, org.springframework.test.context.support.DependencyInjectionTestExecutionListener@3d8c4d8e, org.springframework.test.context.support.DirtiesContextTestExecutionListener@4637c533, org.springframework.test.context.transaction.TransactionalTestExecutionListener@7773bb48, org.springframework.test.context.jdbc.SqlScriptsTestExecutionListener@4f0cb13c]
  [INFO] [2016-01-24 14:50:43][org.springframework.beans.factory.xml.XmlBeanDefinitionReader]Loading XML bean definitions from class path resource [spring-maybatis.xml]
  [INFO] [2016-01-24 14:50:44][org.springframework.context.support.GenericApplicationContext]Refreshing org.springframework.context.support.GenericApplicationContext@5cb80eb0: startup date [Sun Jan 24 14:50:44 CST 2016]; root of context hierarchy
  [INFO] [2016-01-24 14:50:44][org.springframework.beans.factory.config.PropertyPlaceholderConfigurer]Loading properties file from class path resource [jdbc.properties]
  [INFO] [2016-01-24 14:50:44][org.springframework.beans.factory.annotation.AutowiredAnnotationBeanPostProcessor]JSR-330 'javax.inject.Inject' annotation found and supported for autowiring
  [INFO] [2016-01-24 14:50:44][org.springframework.context.support.GenericApplicationContext]Closing org.springframework.context.support.GenericApplicationContext@5cb80eb0: startup date [Sun Jan 24 14:50:44 CST 2016]; root of context hierarchy
  [INFO] [2016-01-24 15:22:54][org.springframework.test.context.support.DefaultTestContextBootstrapper]Loaded default TestExecutionListener class names from location [META-INF/spring.factories]: [org.springframework.test.context.web.ServletTestExecutionListener, org.springframework.test.context.support.DirtiesContextBeforeModesTestExecutionListener, org.springframework.test.context.support.DependencyInjectionTestExecutionListener, org.springframework.test.context.support.DirtiesContextTestExecutionListener, org.springframework.test.context.transaction.TransactionalTestExecutionListener, org.springframework.test.context.jdbc.SqlScriptsTestExecutionListener]
  [INFO] [2016-01-24 15:22:54][org.springframework.test.context.support.DefaultTestContextBootstrapper]Using TestExecutionListeners: [org.springframework.test.context.web.ServletTestExecutionListener@528c0d5d, org.springframework.test.context.support.DirtiesContextBeforeModesTestExecutionListener@68c17f01, org.springframework.test.context.support.DependencyInjectionTestExecutionListener@77795061, org.springframework.test.context.support.DirtiesContextTestExecutionListener@3d8c4d8e, org.springframework.test.context.transaction.TransactionalTestExecutionListener@4637c533, org.springframework.test.context.jdbc.SqlScriptsTestExecutionListener@7773bb48]
  [INFO] [2016-01-24 15:22:54][org.springframework.beans.factory.xml.XmlBeanDefinitionReader]Loading XML bean definitions from class path resource [spring-maybatis.xml]
  [INFO] [2016-01-24 15:22:54][org.springframework.context.support.GenericApplicationContext]Refreshing org.springframework.context.support.GenericApplicationContext@5cb80eb0: startup date [Sun Jan 24 15:22:54 CST 2016]; root of context hierarchy
  [INFO] [2016-01-24 15:22:54][org.springframework.beans.factory.config.PropertyPlaceholderConfigurer]Loading properties file from class path resource [jdbc.properties]
  [INFO] [2016-01-24 15:22:54][org.springframework.beans.factory.annotation.AutowiredAnnotationBeanPostProcessor]JSR-330 'javax.inject.Inject' annotation found and supported for autowiring
  [INFO] [2016-01-24 15:22:55][org.springframework.context.support.GenericApplicationContext]Closing org.springframework.context.support.GenericApplicationContext@5cb80eb0: startup date [Sun Jan 24 15:22:54 CST 2016]; root of context hierarchy
  [INFO] [2016-01-24 15:28:58][org.springframework.test.context.support.DefaultTestContextBootstrapper]Loaded default TestExecutionListener class names from location [META-INF/spring.factories]: [org.springframework.test.context.web.ServletTestExecutionListener, org.springframework.test.context.support.DirtiesContextBeforeModesTestExecutionListener, org.springframework.test.context.support.DependencyInjectionTestExecutionListener, org.springframework.test.context.support.DirtiesContextTestExecutionListener, org.springframework.test.context.transaction.TransactionalTestExecutionListener, org.springframework.test.context.jdbc.SqlScriptsTestExecutionListener]
  [INFO] [2016-01-24 15:28:58][org.springframework.test.context.support.DefaultTestContextBootstrapper]Using TestExecutionListeners: [org.springframework.test.context.web.ServletTestExecutionListener@77795061, org.springframework.test.context.support.DirtiesContextBeforeModesTestExecutionListener@3d8c4d8e, org.springframework.test.context.support.DependencyInjectionTestExecutionListener@4637c533, org.springframework.test.context.support.DirtiesContextTestExecutionListener@7773bb48, org.springframework.test.context.transaction.TransactionalTestExecutionListener@4f0cb13c, org.springframework.test.context.jdbc.SqlScriptsTestExecutionListener@4a4802af]
  [INFO] [2016-01-24 15:28:58][org.springframework.beans.factory.xml.XmlBeanDefinitionReader]Loading XML bean definitions from class path resource [spring-maybatis.xml]
  [INFO] [2016-01-24 15:28:58][org.springframework.context.support.GenericApplicationContext]Refreshing org.springframework.context.support.GenericApplicationContext@37cc745e: startup date [Sun Jan 24 15:28:58 CST 2016]; root of context hierarchy
  [INFO] [2016-01-24 15:28:58][org.springframework.beans.factory.config.PropertyPlaceholderConfigurer]Loading properties file from class path resource [jdbc.properties]
  [INFO] [2016-01-24 15:28:58][org.springframework.beans.factory.annotation.AutowiredAnnotationBeanPostProcessor]JSR-330 'javax.inject.Inject' annotation found and supported for autowiring
  [INFO] [2016-01-24 15:28:59][org.springframework.context.support.GenericApplicationContext]Closing org.springframework.context.support.GenericApplicationContext@37cc745e: startup date [Sun Jan 24 15:28:58 CST 2016]; root of context hierarchy
  [INFO] [2016-01-24 15:32:12][org.springframework.test.context.support.DefaultTestContextBootstrapper]Neither @ContextConfiguration nor @ContextHierarchy found for test class [spring.test]
  [INFO] [2016-01-24 15:32:12][org.springframework.test.context.support.DefaultTestContextBootstrapper]Loaded default TestExecutionListener class names from location [META-INF/spring.factories]: [org.springframework.test.context.web.ServletTestExecutionListener, org.springframework.test.context.support.DirtiesContextBeforeModesTestExecutionListener, org.springframework.test.context.support.DependencyInjectionTestExecutionListener, org.springframework.test.context.support.DirtiesContextTestExecutionListener, org.springframework.test.context.transaction.TransactionalTestExecutionListener, org.springframework.test.context.jdbc.SqlScriptsTestExecutionListener]
  [INFO] [2016-01-24 15:32:12][org.springframework.test.context.support.DefaultTestContextBootstrapper]Using TestExecutionListeners: [org.springframework.test.context.web.ServletTestExecutionListener@4e28f1d6, org.springframework.test.context.support.DirtiesContextBeforeModesTestExecutionListener@621d40b0, org.springframework.test.context.support.DependencyInjectionTestExecutionListener@6e821522, org.springframework.test.context.support.DirtiesContextTestExecutionListener@1e39a3dc, org.springframework.test.context.transaction.TransactionalTestExecutionListener@5a34d004, org.springframework.test.context.jdbc.SqlScriptsTestExecutionListener@4144e4e0]
  [ERROR] [2016-01-24 15:32:12][org.springframework.test.context.TestContextManager]Caught exception while allowing TestExecutionListener [org.springframework.test.context.support.DependencyInjectionTestExecutionListener@6e821522] to prepare test instance [spring.test@2644c9f6]
  java.lang.IllegalStateException: Failed to load ApplicationContext
	at org.springframework.test.context.cache.DefaultCacheAwareContextLoaderDelegate.loadContext(DefaultCacheAwareContextLoaderDelegate.java:124)
	at org.springframework.test.context.support.DefaultTestContext.getApplicationContext(DefaultTestContext.java:83)
	at org.springframework.test.context.support.DependencyInjectionTestExecutionListener.injectDependencies(DependencyInjectionTestExecutionListener.java:117)
	at org.springframework.test.context.support.DependencyInjectionTestExecutionListener.prepareTestInstance(DependencyInjectionTestExecutionListener.java:83)
	at org.springframework.test.context.TestContextManager.prepareTestInstance(TestContextManager.java:228)
	at org.springframework.test.context.junit4.SpringJUnit4ClassRunner.createTest(SpringJUnit4ClassRunner.java:230)
	at org.springframework.test.context.junit4.SpringJUnit4ClassRunner$1.runReflectiveCall(SpringJUnit4ClassRunner.java:289)
	at org.junit.internal.runners.model.ReflectiveCallable.run(ReflectiveCallable.java:12)
	at org.springframework.test.context.junit4.SpringJUnit4ClassRunner.methodBlock(SpringJUnit4ClassRunner.java:291)
	at org.springframework.test.context.junit4.SpringJUnit4ClassRunner.runChild(SpringJUnit4ClassRunner.java:249)
	at org.springframework.test.context.junit4.SpringJUnit4ClassRunner.runChild(SpringJUnit4ClassRunner.java:89)
	at org.junit.runners.ParentRunner$3.run(ParentRunner.java:238)
	at org.junit.runners.ParentRunner$1.schedule(ParentRunner.java:63)
	at org.junit.runners.ParentRunner.runChildren(ParentRunner.java:236)
	at org.junit.runners.ParentRunner.access$000(ParentRunner.java:53)
	at org.junit.runners.ParentRunner$2.evaluate(ParentRunner.java:229)
	at org.springframework.test.context.junit4.statements.RunBeforeTestClassCallbacks.evaluate(RunBeforeTestClassCallbacks.java:61)
	at org.springframework.test.context.junit4.statements.RunAfterTestClassCallbacks.evaluate(RunAfterTestClassCallbacks.java:70)
	at org.junit.runners.ParentRunner.run(ParentRunner.java:309)
	at org.springframework.test.context.junit4.SpringJUnit4ClassRunner.run(SpringJUnit4ClassRunner.java:193)
	at org.eclipse.jdt.internal.junit4.runner.JUnit4TestReference.run(JUnit4TestReference.java:50)
	at org.eclipse.jdt.internal.junit.runner.TestExecution.run(TestExecution.java:38)
	at org.eclipse.jdt.internal.junit.runner.RemoteTestRunner.runTests(RemoteTestRunner.java:459)
	at org.eclipse.jdt.internal.junit.runner.RemoteTestRunner.runTests(RemoteTestRunner.java:675)
	at org.eclipse.jdt.internal.junit.runner.RemoteTestRunner.run(RemoteTestRunner.java:382)
	at org.eclipse.jdt.internal.junit.runner.RemoteTestRunner.main(RemoteTestRunner.java:192)
Caused by: java.lang.IllegalArgumentException: Cannot load an ApplicationContext with a NULL 'contextLoader'. Consider annotating your test class with @ContextConfiguration or @ContextHierarchy.
	at org.springframework.util.Assert.notNull(Assert.java:115)
	at org.springframework.test.context.cache.DefaultCacheAwareContextLoaderDelegate.loadContextInternal(DefaultCacheAwareContextLoaderDelegate.java:91)
	at org.springframework.test.context.cache.DefaultCacheAwareContextLoaderDelegate.loadContext(DefaultCacheAwareContextLoaderDelegate.java:116)
	... 25 more
[INFO] [2016-01-24 15:32:30][org.springframework.test.context.support.DefaultTestContextBootstrapper]Loaded default TestExecutionListener class names from location [META-INF/spring.factories]: [org.springframework.test.context.web.ServletTestExecutionListener, org.springframework.test.context.support.DirtiesContextBeforeModesTestExecutionListener, org.springframework.test.context.support.DependencyInjectionTestExecutionListener, org.springframework.test.context.support.DirtiesContextTestExecutionListener, org.springframework.test.context.transaction.TransactionalTestExecutionListener, org.springframework.test.context.jdbc.SqlScriptsTestExecutionListener]
  [INFO] [2016-01-24 15:32:30][org.springframework.test.context.support.DefaultTestContextBootstrapper]Using TestExecutionListeners: [org.springframework.test.context.web.ServletTestExecutionListener@77795061, org.springframework.test.context.support.DirtiesContextBeforeModesTestExecutionListener@3d8c4d8e, org.springframework.test.context.support.DependencyInjectionTestExecutionListener@4637c533, org.springframework.test.context.support.DirtiesContextTestExecutionListener@7773bb48, org.springframework.test.context.transaction.TransactionalTestExecutionListener@4f0cb13c, org.springframework.test.context.jdbc.SqlScriptsTestExecutionListener@4a4802af]
  [INFO] [2016-01-24 15:32:30][org.springframework.beans.factory.xml.XmlBeanDefinitionReader]Loading XML bean definitions from class path resource [spring-maybatis.xml]
  [INFO] [2016-01-24 15:32:30][org.springframework.context.support.GenericApplicationContext]Refreshing org.springframework.context.support.GenericApplicationContext@37cc745e: startup date [Sun Jan 24 15:32:30 CST 2016]; root of context hierarchy
  [INFO] [2016-01-24 15:32:31][org.springframework.beans.factory.config.PropertyPlaceholderConfigurer]Loading properties file from class path resource [jdbc.properties]
  [INFO] [2016-01-24 15:32:31][org.springframework.beans.factory.annotation.AutowiredAnnotationBeanPostProcessor]JSR-330 'javax.inject.Inject' annotation found and supported for autowiring
  [INFO] [2016-01-24 15:32:31][org.springframework.context.support.GenericApplicationContext]Closing org.springframework.context.support.GenericApplicationContext@37cc745e: startup date [Sun Jan 24 15:32:30 CST 2016]; root of context hierarchy
  [INFO] [2016-01-24 15:35:12][org.springframework.test.context.support.DefaultTestContextBootstrapper]Loaded default TestExecutionListener class names from location [META-INF/spring.factories]: [org.springframework.test.context.web.ServletTestExecutionListener, org.springframework.test.context.support.DirtiesContextBeforeModesTestExecutionListener, org.springframework.test.context.support.DependencyInjectionTestExecutionListener, org.springframework.test.context.support.DirtiesContextTestExecutionListener, org.springframework.test.context.transaction.TransactionalTestExecutionListener, org.springframework.test.context.jdbc.SqlScriptsTestExecutionListener]
  [INFO] [2016-01-24 15:35:12][org.springframework.test.context.support.DefaultTestContextBootstrapper]Using TestExecutionListeners: [org.springframework.test.context.web.ServletTestExecutionListener@68c17f01, org.springframework.test.context.support.DirtiesContextBeforeModesTestExecutionListener@77795061, org.springframework.test.context.support.DependencyInjectionTestExecutionListener@3d8c4d8e, org.springframework.test.context.support.DirtiesContextTestExecutionListener@4637c533, org.springframework.test.context.transaction.TransactionalTestExecutionListener@7773bb48, org.springframework.test.context.jdbc.SqlScriptsTestExecutionListener@4f0cb13c]
  [INFO] [2016-01-24 15:35:12][org.springframework.beans.factory.xml.XmlBeanDefinitionReader]Loading XML bean definitions from class path resource [spring-maybatis.xml]
  [INFO] [2016-01-24 15:35:12][org.springframework.context.support.GenericApplicationContext]Refreshing org.springframework.context.support.GenericApplicationContext@5cb80eb0: startup date [Sun Jan 24 15:35:12 CST 2016]; root of context hierarchy
  [INFO] [2016-01-24 15:35:12][org.springframework.beans.factory.config.PropertyPlaceholderConfigurer]Loading properties file from class path resource [jdbc.properties]
  [INFO] [2016-01-24 15:35:12][org.springframework.beans.factory.annotation.AutowiredAnnotationBeanPostProcessor]JSR-330 'javax.inject.Inject' annotation found and supported for autowiring
  [INFO] [2016-01-24 15:35:13][org.springframework.context.support.GenericApplicationContext]Closing org.springframework.context.support.GenericApplicationContext@5cb80eb0: startup date [Sun Jan 24 15:35:12 CST 2016]; root of context hierarchy
  [INFO] [2016-01-24 15:36:53][org.springframework.test.context.support.DefaultTestContextBootstrapper]Loaded default TestExecutionListener class names from location [META-INF/spring.factories]: [org.springframework.test.context.web.ServletTestExecutionListener, org.springframework.test.context.support.DirtiesContextBeforeModesTestExecutionListener, org.springframework.test.context.support.DependencyInjectionTestExecutionListener, org.springframework.test.context.support.DirtiesContextTestExecutionListener, org.springframework.test.context.transaction.TransactionalTestExecutionListener, org.springframework.test.context.jdbc.SqlScriptsTestExecutionListener]
  [INFO] [2016-01-24 15:36:53][org.springframework.test.context.support.DefaultTestContextBootstrapper]Using TestExecutionListeners: [org.springframework.test.context.web.ServletTestExecutionListener@68c17f01, org.springframework.test.context.support.DirtiesContextBeforeModesTestExecutionListener@77795061, org.springframework.test.context.support.DependencyInjectionTestExecutionListener@3d8c4d8e, org.springframework.test.context.support.DirtiesContextTestExecutionListener@4637c533, org.springframework.test.context.transaction.TransactionalTestExecutionListener@7773bb48, org.springframework.test.context.jdbc.SqlScriptsTestExecutionListener@4f0cb13c]
  [INFO] [2016-01-24 15:36:53][org.springframework.beans.factory.xml.XmlBeanDefinitionReader]Loading XML bean definitions from class path resource [spring-maybatis.xml]
  [INFO] [2016-01-24 15:36:53][org.springframework.context.support.GenericApplicationContext]Refreshing org.springframework.context.support.GenericApplicationContext@5cb80eb0: startup date [Sun Jan 24 15:36:53 CST 2016]; root of context hierarchy
  [INFO] [2016-01-24 15:36:53][org.springframework.beans.factory.config.PropertyPlaceholderConfigurer]Loading properties file from class path resource [jdbc.properties]
  [INFO] [2016-01-24 15:36:53][org.springframework.beans.factory.annotation.AutowiredAnnotationBeanPostProcessor]JSR-330 'javax.inject.Inject' annotation found and supported for autowiring
  [INFO] [2016-01-24 15:36:54][org.springframework.context.support.GenericApplicationContext]Closing org.springframework.context.support.GenericApplicationContext@5cb80eb0: startup date [Sun Jan 24 15:36:53 CST 2016]; root of context hierarchy
  [INFO] [2016-01-24 15:38:57][org.springframework.test.context.support.DefaultTestContextBootstrapper]Loaded default TestExecutionListener class names from location [META-INF/spring.factories]: [org.springframework.test.context.web.ServletTestExecutionListener, org.springframework.test.context.support.DirtiesContextBeforeModesTestExecutionListener, org.springframework.test.context.support.DependencyInjectionTestExecutionListener, org.springframework.test.context.support.DirtiesContextTestExecutionListener, org.springframework.test.context.transaction.TransactionalTestExecutionListener, org.springframework.test.context.jdbc.SqlScriptsTestExecutionListener]
  [INFO] [2016-01-24 15:38:57][org.springframework.test.context.support.DefaultTestContextBootstrapper]Using TestExecutionListeners: [org.springframework.test.context.web.ServletTestExecutionListener@68c17f01, org.springframework.test.context.support.DirtiesContextBeforeModesTestExecutionListener@77795061, org.springframework.test.context.support.DependencyInjectionTestExecutionListener@3d8c4d8e, org.springframework.test.context.support.DirtiesContextTestExecutionListener@4637c533, org.springframework.test.context.transaction.TransactionalTestExecutionListener@7773bb48, org.springframework.test.context.jdbc.SqlScriptsTestExecutionListener@4f0cb13c]
  [INFO] [2016-01-24 15:38:57][org.springframework.beans.factory.xml.XmlBeanDefinitionReader]Loading XML bean definitions from class path resource [spring-maybatis.xml]
  [INFO] [2016-01-24 15:38:57][org.springframework.context.support.GenericApplicationContext]Refreshing org.springframework.context.support.GenericApplicationContext@5cb80eb0: startup date [Sun Jan 24 15:38:57 CST 2016]; root of context hierarchy
  [INFO] [2016-01-24 15:38:57][org.springframework.beans.factory.config.PropertyPlaceholderConfigurer]Loading properties file from class path resource [jdbc.properties]
  [INFO] [2016-01-24 15:38:57][org.springframework.beans.factory.annotation.AutowiredAnnotationBeanPostProcessor]JSR-330 'javax.inject.Inject' annotation found and supported for autowiring
  [INFO] [2016-01-24 15:38:57][org.springframework.context.support.GenericApplicationContext]Closing org.springframework.context.support.GenericApplicationContext@5cb80eb0: startup date [Sun Jan 24 15:38:57 CST 2016]; root of context hierarchy
  [INFO] [2016-01-24 15:39:44][org.springframework.test.context.support.DefaultTestContextBootstrapper]Loaded default TestExecutionListener class names from location [META-INF/spring.factories]: [org.springframework.test.context.web.ServletTestExecutionListener, org.springframework.test.context.support.DirtiesContextBeforeModesTestExecutionListener, org.springframework.test.context.support.DependencyInjectionTestExecutionListener, org.springframework.test.context.support.DirtiesContextTestExecutionListener, org.springframework.test.context.transaction.TransactionalTestExecutionListener, org.springframework.test.context.jdbc.SqlScriptsTestExecutionListener]
  [INFO] [2016-01-24 15:39:44][org.springframework.test.context.support.DefaultTestContextBootstrapper]Using TestExecutionListeners: [org.springframework.test.context.web.ServletTestExecutionListener@77795061, org.springframework.test.context.support.DirtiesContextBeforeModesTestExecutionListener@3d8c4d8e, org.springframework.test.context.support.DependencyInjectionTestExecutionListener@4637c533, org.springframework.test.context.support.DirtiesContextTestExecutionListener@7773bb48, org.springframework.test.context.transaction.TransactionalTestExecutionListener@4f0cb13c, org.springframework.test.context.jdbc.SqlScriptsTestExecutionListener@4a4802af]
  [INFO] [2016-01-24 15:39:45][org.springframework.beans.factory.xml.XmlBeanDefinitionReader]Loading XML bean definitions from class path resource [spring-maybatis.xml]
  [INFO] [2016-01-24 15:39:45][org.springframework.context.support.GenericApplicationContext]Refreshing org.springframework.context.support.GenericApplicationContext@37cc745e: startup date [Sun Jan 24 15:39:45 CST 2016]; root of context hierarchy
  [INFO] [2016-01-24 15:39:45][org.springframework.beans.factory.config.PropertyPlaceholderConfigurer]Loading properties file from class path resource [jdbc.properties]
  [INFO] [2016-01-24 15:39:45][org.springframework.beans.factory.annotation.AutowiredAnnotationBeanPostProcessor]JSR-330 'javax.inject.Inject' annotation found and supported for autowiring
  [INFO] [2016-01-24 15:39:45][org.springframework.context.support.GenericApplicationContext]Closing org.springframework.context.support.GenericApplicationContext@37cc745e: startup date [Sun Jan 24 15:39:45 CST 2016]; root of context hierarchy
  [INFO] [2016-01-24 15:42:56][org.springframework.test.context.support.DefaultTestContextBootstrapper]Loaded default TestExecutionListener class names from location [META-INF/spring.factories]: [org.springframework.test.context.web.ServletTestExecutionListener, org.springframework.test.context.support.DirtiesContextBeforeModesTestExecutionListener, org.springframework.test.context.support.DependencyInjectionTestExecutionListener, org.springframework.test.context.support.DirtiesContextTestExecutionListener, org.springframework.test.context.transaction.TransactionalTestExecutionListener, org.springframework.test.context.jdbc.SqlScriptsTestExecutionListener]
  [INFO] [2016-01-24 15:42:56][org.springframework.test.context.support.DefaultTestContextBootstrapper]Using TestExecutionListeners: [org.springframework.test.context.web.ServletTestExecutionListener@77795061, org.springframework.test.context.support.DirtiesContextBeforeModesTestExecutionListener@3d8c4d8e, org.springframework.test.context.support.DependencyInjectionTestExecutionListener@4637c533, org.springframework.test.context.support.DirtiesContextTestExecutionListener@7773bb48, org.springframework.test.context.transaction.TransactionalTestExecutionListener@4f0cb13c, org.springframework.test.context.jdbc.SqlScriptsTestExecutionListener@4a4802af]
  [INFO] [2016-01-24 15:42:56][org.springframework.beans.factory.xml.XmlBeanDefinitionReader]Loading XML bean definitions from class path resource [spring-maybatis.xml]
  [INFO] [2016-01-24 15:42:56][org.springframework.context.support.GenericApplicationContext]Refreshing org.springframework.context.support.GenericApplicationContext@37cc745e: startup date [Sun Jan 24 15:42:56 CST 2016]; root of context hierarchy
  [INFO] [2016-01-24 15:42:56][org.springframework.beans.factory.config.PropertyPlaceholderConfigurer]Loading properties file from class path resource [jdbc.properties]
  [INFO] [2016-01-24 15:42:56][org.springframework.beans.factory.annotation.AutowiredAnnotationBeanPostProcessor]JSR-330 'javax.inject.Inject' annotation found and supported for autowiring
  [INFO] [2016-01-24 15:42:56][org.springframework.context.support.GenericApplicationContext]Closing org.springframework.context.support.GenericApplicationContext@37cc745e: startup date [Sun Jan 24 15:42:56 CST 2016]; root of context hierarchy
  [INFO] [2016-01-24 15:44:00][org.springframework.test.context.support.DefaultTestContextBootstrapper]Loaded default TestExecutionListener class names from location [META-INF/spring.factories]: [org.springframework.test.context.web.ServletTestExecutionListener, org.springframework.test.context.support.DirtiesContextBeforeModesTestExecutionListener, org.springframework.test.context.support.DependencyInjectionTestExecutionListener, org.springframework.test.context.support.DirtiesContextTestExecutionListener, org.springframework.test.context.transaction.TransactionalTestExecutionListener, org.springframework.test.context.jdbc.SqlScriptsTestExecutionListener]
  [INFO] [2016-01-24 15:44:00][org.springframework.test.context.support.DefaultTestContextBootstrapper]Using TestExecutionListeners: [org.springframework.test.context.web.ServletTestExecutionListener@4637c533, org.springframework.test.context.support.DirtiesContextBeforeModesTestExecutionListener@7773bb48, org.springframework.test.context.support.DependencyInjectionTestExecutionListener@4f0cb13c, org.springframework.test.context.support.DirtiesContextTestExecutionListener@4a4802af, org.springframework.test.context.transaction.TransactionalTestExecutionListener@3da85542, org.springframework.test.context.jdbc.SqlScriptsTestExecutionListener@76757fad]
  [INFO] [2016-01-24 15:44:00][org.springframework.beans.factory.xml.XmlBeanDefinitionReader]Loading XML bean definitions from class path resource [spring-maybatis.xml]
  [INFO] [2016-01-24 15:44:00][org.springframework.context.support.GenericApplicationContext]Refreshing org.springframework.context.support.GenericApplicationContext@7c1ca8e: startup date [Sun Jan 24 15:44:00 CST 2016]; root of context hierarchy
  [INFO] [2016-01-24 15:44:00][org.springframework.beans.factory.config.PropertyPlaceholderConfigurer]Loading properties file from class path resource [jdbc.properties]
  [INFO] [2016-01-24 15:44:00][org.springframework.beans.factory.annotation.AutowiredAnnotationBeanPostProcessor]JSR-330 'javax.inject.Inject' annotation found and supported for autowiring
  [INFO] [2016-01-24 15:44:01][org.springframework.context.support.GenericApplicationContext]Closing org.springframework.context.support.GenericApplicationContext@7c1ca8e: startup date [Sun Jan 24 15:44:00 CST 2016]; root of context hierarchy
  [INFO] [2016-01-24 15:47:20][org.springframework.test.context.support.DefaultTestContextBootstrapper]Loaded default TestExecutionListener class names from location [META-INF/spring.factories]: [org.springframework.test.context.web.ServletTestExecutionListener, org.springframework.test.context.support.DirtiesContextBeforeModesTestExecutionListener, org.springframework.test.context.support.DependencyInjectionTestExecutionListener, org.springframework.test.context.support.DirtiesContextTestExecutionListener, org.springframework.test.context.transaction.TransactionalTestExecutionListener, org.springframework.test.context.jdbc.SqlScriptsTestExecutionListener]
  [INFO] [2016-01-24 15:47:20][org.springframework.test.context.support.DefaultTestContextBootstrapper]Using TestExecutionListeners: [org.springframework.test.context.web.ServletTestExecutionListener@68c17f01, org.springframework.test.context.support.DirtiesContextBeforeModesTestExecutionListener@77795061, org.springframework.test.context.support.DependencyInjectionTestExecutionListener@3d8c4d8e, org.springframework.test.context.support.DirtiesContextTestExecutionListener@4637c533, org.springframework.test.context.transaction.TransactionalTestExecutionListener@7773bb48, org.springframework.test.context.jdbc.SqlScriptsTestExecutionListener@4f0cb13c]
  [INFO] [2016-01-24 15:47:20][org.springframework.beans.factory.xml.XmlBeanDefinitionReader]Loading XML bean definitions from class path resource [spring-maybatis.xml]
  [INFO] [2016-01-24 15:47:21][org.springframework.context.support.GenericApplicationContext]Refreshing org.springframework.context.support.GenericApplicationContext@37cc745e: startup date [Sun Jan 24 15:47:21 CST 2016]; root of context hierarchy
  [INFO] [2016-01-24 15:47:21][org.springframework.beans.factory.config.PropertyPlaceholderConfigurer]Loading properties file from class path resource [jdbc.properties]
  [INFO] [2016-01-24 15:47:21][org.springframework.beans.factory.annotation.AutowiredAnnotationBeanPostProcessor]JSR-330 'javax.inject.Inject' annotation found and supported for autowiring
  [INFO] [2016-01-24 15:47:21][org.springframework.context.support.GenericApplicationContext]Closing org.springframework.context.support.GenericApplicationContext@37cc745e: startup date [Sun Jan 24 15:47:21 CST 2016]; root of context hierarchy
  [INFO] [2016-01-24 15:50:01][org.springframework.test.context.support.DefaultTestContextBootstrapper]Loaded default TestExecutionListener class names from location [META-INF/spring.factories]: [org.springframework.test.context.web.ServletTestExecutionListener, org.springframework.test.context.support.DirtiesContextBeforeModesTestExecutionListener, org.springframework.test.context.support.DependencyInjectionTestExecutionListener, org.springframework.test.context.support.DirtiesContextTestExecutionListener, org.springframework.test.context.transaction.TransactionalTestExecutionListener, org.springframework.test.context.jdbc.SqlScriptsTestExecutionListener]
  [INFO] [2016-01-24 15:50:01][org.springframework.test.context.support.DefaultTestContextBootstrapper]Using TestExecutionListeners: [org.springframework.test.context.web.ServletTestExecutionListener@77795061, org.springframework.test.context.support.DirtiesContextBeforeModesTestExecutionListener@3d8c4d8e, org.springframework.test.context.support.DependencyInjectionTestExecutionListener@4637c533, org.springframework.test.context.support.DirtiesContextTestExecutionListener@7773bb48, org.springframework.test.context.transaction.TransactionalTestExecutionListener@4f0cb13c, org.springframework.test.context.jdbc.SqlScriptsTestExecutionListener@4a4802af]
  [INFO] [2016-01-24 15:50:01][org.springframework.beans.factory.xml.XmlBeanDefinitionReader]Loading XML bean definitions from class path resource [spring-maybatis.xml]
  [INFO] [2016-01-24 15:50:01][org.springframework.context.support.GenericApplicationContext]Refreshing org.springframework.context.support.GenericApplicationContext@37cc745e: startup date [Sun Jan 24 15:50:01 CST 2016]; root of context hierarchy
  [INFO] [2016-01-24 15:50:01][org.springframework.beans.factory.config.PropertyPlaceholderConfigurer]Loading properties file from class path resource [jdbc.properties]
  [INFO] [2016-01-24 15:50:01][org.springframework.beans.factory.annotation.AutowiredAnnotationBeanPostProcessor]JSR-330 'javax.inject.Inject' annotation found and supported for autowiring
  [INFO] [2016-01-24 15:50:02][spring.test]{"age":24,"id":1,"password":"sfasgfaf","userName":""}
  [INFO] [2016-01-24 15:50:02][org.springframework.context.support.GenericApplicationContext]Closing org.springframework.context.support.GenericApplicationContext@37cc745e: startup date [Sun Jan 24 15:50:01 CST 2016]; root of context hierarchy
  